-------------------------------------------------------------------------------
Test set: br.com.treinaweb.springbootapi.DemoApplicationTests
-------------------------------------------------------------------------------
Tests run: 1, Failures: 0, Errors: 1, Skipped: 0, Time elapsed: 7.997 s <<< FAILURE! - in br.com.treinaweb.springbootapi.DemoApplicationTests
initializationError(br.com.treinaweb.springbootapi.DemoApplicationTests)  Time elapsed: 0.26 s  <<< ERROR!
java.lang.IllegalStateException: Unable to find a @SpringBootConfiguration, you need to use @ContextConfiguration or @SpringBootTest(classes=...) with your test

